#
# A fatal error has been detected by the Java Runtime Environment:
#
#  EXCEPTION_ACCESS_VIOLATION (0xc0000005) at pc=0x72bb9732, pid=7072, tid=3284
#
# JRE version: 7.0-b146
# Java VM: Java HotSpot(TM) Client VM (21.0-b16 mixed mode, sharing windows-x86 )
# Problematic frame:
# C  [libvlc.dll+0x9732]
#
# Failed to write core dump. Minidumps are not enabled by default on client versions of Windows
#
# If you would like to submit a bug report, please visit:
#   http://bugreport.sun.com/bugreport/crash.jsp
# The crash happened outside the Java Virtual Machine in native code.
# See problematic frame for where to report the bug.
#

---------------  T H R E A D  ---------------

Current thread (0x0163a000):  JavaThread "main" [_thread_in_native, id=3284, stack(0x003d0000,0x00420000)]

siginfo: ExceptionCode=0xc0000005, reading address 0x00000000

Registers:
EAX=0x0041ee64, EBX=0x00000000, ECX=0x0000006c, EDX=0x00000000
ESP=0x0041ee34, EBP=0x0041ee68, ESI=0x00000000, EDI=0x0041ef30
EIP=0x72bb9732, EFLAGS=0x00210202

Top of Stack: (sp=0x0041ee34)
0x0041ee34:   00000004 0000006c 051dd779 0041eef4
0x0041ee44:   00000000 00000000 00000000 0041ef30
0x0041ee54:   0041ee68 00000000 00000000 1000cb67
0x0041ee64:   00000000 0041eea8 1000c782 1000c560
0x0041ee74:   0041ee90 00000004 00000001 0041f130
0x0041ee84:   72bb9720 00000000 645dc4f5 0041f0d0
0x0041ee94:   0041f130 0041eed0 0041eef0 0041eef0
0x0041eea4:   00000001 0041f118 100044ae 0041f0d0 

Instructions: (pc=0x72bb9732)
0x72bb9712:   e9 19 7c ff ff 89 f6 8d bc 27 00 00 00 00 56 b9
0x72bb9722:   6c 00 00 00 53 83 ec 24 8b 74 24 30 89 4c 24 04
0x72bb9732:   8b 06 89 04 24 e8 c4 4e 00 00 85 c0 89 c3 0f 84
0x72bb9742:   a8 07 00 00 8b 50 10 89 04 24 89 54 24 04 e8 b3 


Register to memory mapping:

EAX=0x0041ee64 is pointing into the stack for thread: 0x0163a000
EBX=0x00000000 is an unknown value
ECX=0x0000006c is an unknown value
EDX=0x00000000 is an unknown value
ESP=0x0041ee34 is pointing into the stack for thread: 0x0163a000
EBP=0x0041ee68 is pointing into the stack for thread: 0x0163a000
ESI=0x00000000 is an unknown value
EDI=0x0041ef30 is pointing into the stack for thread: 0x0163a000


Stack: [0x003d0000,0x00420000],  sp=0x0041ee34,  free space=315k
Native frames: (J=compiled Java code, j=interpreted, Vv=VM code, C=native code)
C  [libvlc.dll+0x9732]  libvlc_media_player_new+0x12
C  [jna8674873228116855110.dll+0xc782]  Java_com_sun_jna_Native_initialize_1ffi_1type+0x3422
C  [jna8674873228116855110.dll+0x44ae]  Java_com_sun_jna_Native_getString+0x9de
C  [jna8674873228116855110.dll+0x4e7e]  Java_com_sun_jna_Native_invokePointer+0x2e
j  com.sun.jna.Native.invokePointer(JI[Ljava/lang/Object;)J+0
j  com.sun.jna.Function.invokePointer(I[Ljava/lang/Object;)Lcom/sun/jna/Pointer;+6
j  com.sun.jna.Function.invoke([Ljava/lang/Object;Ljava/lang/Class;Z)Ljava/lang/Object;+642
j  com.sun.jna.Function.invoke(Ljava/lang/Class;[Ljava/lang/Object;Ljava/util/Map;)Ljava/lang/Object;+214
j  com.sun.jna.Library$Handler.invoke(Ljava/lang/Object;Ljava/lang/reflect/Method;[Ljava/lang/Object;)Ljava/lang/Object;+341
j  com.sun.jna.Native$4.invoke(Ljava/lang/Object;Ljava/lang/reflect/Method;[Ljava/lang/Object;)Ljava/lang/Object;+21
j  $Proxy0.libvlc_media_player_new(Luk/co/caprica/vlcj/binding/internal/libvlc_instance_t;)Luk/co/caprica/vlcj/binding/internal/libvlc_media_player_t;+16
v  ~StubRoutines::call_stub
V  [jvm.dll+0x11de7e]
V  [jvm.dll+0x1c4e7e]
V  [jvm.dll+0x11df0d]
V  [jvm.dll+0x128fee]
V  [jvm.dll+0x1295fe]
V  [jvm.dll+0xce049]
C  [java.dll+0x7db5]  Java_sun_reflect_NativeMethodAccessorImpl_invoke0+0x15
j  sun.reflect.NativeMethodAccessorImpl.invoke(Ljava/lang/Object;[Ljava/lang/Object;)Ljava/lang/Object;+87
j  sun.reflect.DelegatingMethodAccessorImpl.invoke(Ljava/lang/Object;[Ljava/lang/Object;)Ljava/lang/Object;+6
j  java.lang.reflect.Method.invoke(Ljava/lang/Object;[Ljava/lang/Object;)Ljava/lang/Object;+57
j  uk.co.caprica.vlcj.binding.LoggingProxy.invoke(Ljava/lang/Object;Ljava/lang/reflect/Method;[Ljava/lang/Object;)Ljava/lang/Object;+12
j  $Proxy0.libvlc_media_player_new(Luk/co/caprica/vlcj/binding/internal/libvlc_instance_t;)Luk/co/caprica/vlcj/binding/internal/libvlc_media_player_t;+16
j  uk.co.caprica.vlcj.player.MediaPlayer.createInstance()V+19
j  uk.co.caprica.vlcj.player.MediaPlayer.<init>(Luk/co/caprica/vlcj/binding/internal/libvlc_instance_t;)V+87
j  uk.co.caprica.vlcj.player.embedded.EmbeddedMediaPlayer.<init>(Luk/co/caprica/vlcj/binding/internal/libvlc_instance_t;Luk/co/caprica/vlcj/player/embedded/FullScreenStrategy;)V+2
j  uk.co.caprica.vlcj.player.embedded.windows.WindowsEmbeddedMediaPlayer.<init>(Luk/co/caprica/vlcj/binding/internal/libvlc_instance_t;Luk/co/caprica/vlcj/player/embedded/FullScreenStrategy;)V+3
j  org.quelea.video.Class2$2.<init>(Lorg/quelea/video/Class2;Luk/co/caprica/vlcj/binding/internal/libvlc_instance_t;Luk/co/caprica/vlcj/player/embedded/FullScreenStrategy;J)V+14
j  org.quelea.video.Class2.<init>(IJ)V+188
j  org.quelea.video.Class2.main([Ljava/lang/String;)V+100
v  ~StubRoutines::call_stub
V  [jvm.dll+0x11de7e]
V  [jvm.dll+0x1c4e7e]
V  [jvm.dll+0x11df0d]
V  [jvm.dll+0xa6974]
V  [jvm.dll+0xb0ce7]
C  [java.exe+0x1fd3]
C  [java.exe+0xa0ab]
C  [java.exe+0xa135]
C  [kernel32.dll+0x4ed6c]  BaseThreadInitThunk+0x12
C  [ntdll.dll+0x637f5]  RtlInitializeExceptionChain+0xef
C  [ntdll.dll+0x637c8]  RtlInitializeExceptionChain+0xc2

Java frames: (J=compiled Java code, j=interpreted, Vv=VM code)
j  com.sun.jna.Native.invokePointer(JI[Ljava/lang/Object;)J+0
j  com.sun.jna.Function.invokePointer(I[Ljava/lang/Object;)Lcom/sun/jna/Pointer;+6
j  com.sun.jna.Function.invoke([Ljava/lang/Object;Ljava/lang/Class;Z)Ljava/lang/Object;+642
j  com.sun.jna.Function.invoke(Ljava/lang/Class;[Ljava/lang/Object;Ljava/util/Map;)Ljava/lang/Object;+214
j  com.sun.jna.Library$Handler.invoke(Ljava/lang/Object;Ljava/lang/reflect/Method;[Ljava/lang/Object;)Ljava/lang/Object;+341
j  com.sun.jna.Native$4.invoke(Ljava/lang/Object;Ljava/lang/reflect/Method;[Ljava/lang/Object;)Ljava/lang/Object;+21
j  $Proxy0.libvlc_media_player_new(Luk/co/caprica/vlcj/binding/internal/libvlc_instance_t;)Luk/co/caprica/vlcj/binding/internal/libvlc_media_player_t;+16
v  ~StubRoutines::call_stub
j  sun.reflect.NativeMethodAccessorImpl.invoke0(Ljava/lang/reflect/Method;Ljava/lang/Object;[Ljava/lang/Object;)Ljava/lang/Object;+0
j  sun.reflect.NativeMethodAccessorImpl.invoke(Ljava/lang/Object;[Ljava/lang/Object;)Ljava/lang/Object;+87
j  sun.reflect.DelegatingMethodAccessorImpl.invoke(Ljava/lang/Object;[Ljava/lang/Object;)Ljava/lang/Object;+6
j  java.lang.reflect.Method.invoke(Ljava/lang/Object;[Ljava/lang/Object;)Ljava/lang/Object;+57
j  uk.co.caprica.vlcj.binding.LoggingProxy.invoke(Ljava/lang/Object;Ljava/lang/reflect/Method;[Ljava/lang/Object;)Ljava/lang/Object;+12
j  $Proxy0.libvlc_media_player_new(Luk/co/caprica/vlcj/binding/internal/libvlc_instance_t;)Luk/co/caprica/vlcj/binding/internal/libvlc_media_player_t;+16
j  uk.co.caprica.vlcj.player.MediaPlayer.createInstance()V+19
j  uk.co.caprica.vlcj.player.MediaPlayer.<init>(Luk/co/caprica/vlcj/binding/internal/libvlc_instance_t;)V+87
j  uk.co.caprica.vlcj.player.embedded.EmbeddedMediaPlayer.<init>(Luk/co/caprica/vlcj/binding/internal/libvlc_instance_t;Luk/co/caprica/vlcj/player/embedded/FullScreenStrategy;)V+2
j  uk.co.caprica.vlcj.player.embedded.windows.WindowsEmbeddedMediaPlayer.<init>(Luk/co/caprica/vlcj/binding/internal/libvlc_instance_t;Luk/co/caprica/vlcj/player/embedded/FullScreenStrategy;)V+3
j  org.quelea.video.Class2$2.<init>(Lorg/quelea/video/Class2;Luk/co/caprica/vlcj/binding/internal/libvlc_instance_t;Luk/co/caprica/vlcj/player/embedded/FullScreenStrategy;J)V+14
j  org.quelea.video.Class2.<init>(IJ)V+188
j  org.quelea.video.Class2.main([Ljava/lang/String;)V+100
v  ~StubRoutines::call_stub

---------------  P R O C E S S  ---------------

Java Threads: ( => current thread )
  0x01377000 JavaThread "Service Thread" daemon [_thread_blocked, id=6408, stack(0x03a00000,0x03a50000)]
  0x0135bc00 JavaThread "C1 CompilerThread0" daemon [_thread_blocked, id=7856, stack(0x017a0000,0x017f0000)]
  0x0135a000 JavaThread "Attach Listener" daemon [_thread_blocked, id=4656, stack(0x01490000,0x014e0000)]
  0x01358c00 JavaThread "Signal Dispatcher" daemon [_thread_blocked, id=2880, stack(0x01540000,0x01590000)]
  0x0134e000 JavaThread "Finalizer" daemon [_thread_blocked, id=8104, stack(0x01730000,0x01780000)]
  0x01349400 JavaThread "Reference Handler" daemon [_thread_blocked, id=3740, stack(0x015d0000,0x01620000)]
=>0x0163a000 JavaThread "main" [_thread_in_native, id=3284, stack(0x003d0000,0x00420000)]

Other Threads:
  0x01347000 VMThread [stack: 0x01670000,0x016c0000] [id=5864]
  0x01394000 WatcherThread [stack: 0x038a0000,0x038f0000] [id=6648]

VM state:not at safepoint (normal execution)

VM Mutex/Monitor currently owned by a thread: None

Heap
 def new generation   total 4928K, used 2026K [0x234b0000, 0x23a00000, 0x28a00000)
  eden space 4416K,  34% used [0x234b0000, 0x2362a830, 0x23900000)
  from space 512K, 100% used [0x23980000, 0x23a00000, 0x23a00000)
  to   space 512K,   0% used [0x23900000, 0x23900000, 0x23980000)
 tenured generation   total 10944K, used 451K [0x28a00000, 0x294b0000, 0x334b0000)
   the space 10944K,   4% used [0x28a00000, 0x28a70f68, 0x28a71000, 0x294b0000)
 compacting perm gen  total 12288K, used 932K [0x334b0000, 0x340b0000, 0x374b0000)
   the space 12288K,   7% used [0x334b0000, 0x33599128, 0x33599200, 0x340b0000)
    ro space 10240K,  45% used [0x374b0000, 0x37931888, 0x37931a00, 0x37eb0000)
    rw space 12288K,  54% used [0x37eb0000, 0x385304f8, 0x38530600, 0x38ab0000)

Code Cache  [0x01860000, 0x01900000, 0x03860000)
 total_blobs=280 nmethods=122 adapters=91 free_code_cache=32146Kb largest_free_block=32918336

Dynamic libraries:
0x001a0000 - 0x001ce000 	C:\Program Files\Java\jdk1.7.0\jre\bin\java.exe
0x770d0000 - 0x7720c000 	C:\Windows\SYSTEM32\ntdll.dll
0x76ee0000 - 0x76fb4000 	C:\Windows\system32\kernel32.dll
0x754f0000 - 0x7553a000 	C:\Windows\system32\KERNELBASE.dll
0x75780000 - 0x75820000 	C:\Windows\system32\ADVAPI32.dll
0x75820000 - 0x758cc000 	C:\Windows\system32\msvcrt.dll
0x77220000 - 0x77239000 	C:\Windows\SYSTEM32\sechost.dll
0x756d0000 - 0x75771000 	C:\Windows\system32\RPCRT4.dll
0x75570000 - 0x75639000 	C:\Windows\system32\USER32.dll
0x75b00000 - 0x75b4e000 	C:\Windows\system32\GDI32.dll
0x77240000 - 0x7724a000 	C:\Windows\system32\LPK.dll
0x75b80000 - 0x75c1d000 	C:\Windows\system32\USP10.dll
0x741d0000 - 0x7436e000 	C:\Windows\WinSxS\x86_microsoft.windows.common-controls_6595b64144ccf1df_6.0.7601.17514_none_41e6975e2bd6f2b2\COMCTL32.dll
0x758e0000 - 0x75937000 	C:\Windows\system32\SHLWAPI.dll
0x772e0000 - 0x772ff000 	C:\Windows\system32\IMM32.DLL
0x76e10000 - 0x76edc000 	C:\Windows\system32\MSCTF.dll
0x72980000 - 0x72a3e000 	C:\Program Files\Java\jdk1.7.0\jre\bin\msvcr100.dll
0x60d70000 - 0x6108b000 	C:\Program Files\Java\jdk1.7.0\jre\bin\client\jvm.dll
0x70a30000 - 0x70a37000 	C:\Windows\system32\WSOCK32.dll
0x77250000 - 0x77285000 	C:\Windows\system32\WS2_32.dll
0x77210000 - 0x77216000 	C:\Windows\system32\NSI.dll
0x6e200000 - 0x6e232000 	C:\Windows\system32\WINMM.dll
0x758d0000 - 0x758d5000 	C:\Windows\system32\PSAPI.DLL
0x741c0000 - 0x741cc000 	C:\Program Files\Java\jdk1.7.0\jre\bin\verify.dll
0x72d40000 - 0x72d60000 	C:\Program Files\Java\jdk1.7.0\jre\bin\java.dll
0x72dc0000 - 0x72dd3000 	C:\Program Files\Java\jdk1.7.0\jre\bin\zip.dll
0x74db0000 - 0x74dc6000 	C:\Windows\system32\CRYPTSP.dll
0x74a50000 - 0x74a8b000 	C:\Windows\system32\rsaenh.dll
0x74880000 - 0x74897000 	C:\Windows\system32\USERENV.dll
0x75270000 - 0x7527b000 	C:\Windows\system32\profapi.dll
0x751f0000 - 0x751fc000 	C:\Windows\system32\CRYPTBASE.dll
0x72d20000 - 0x72d34000 	C:\Program Files\Java\jdk1.7.0\jre\bin\net.dll
0x74b20000 - 0x74b5c000 	C:\Windows\system32\mswsock.dll
0x74da0000 - 0x74da6000 	C:\Windows\System32\wship6.dll
0x73750000 - 0x73760000 	C:\Windows\system32\NLAapi.dll
0x719d0000 - 0x719e0000 	C:\Windows\system32\napinsp.dll
0x71890000 - 0x718a2000 	C:\Windows\system32\pnrpnsp.dll
0x71860000 - 0x71887000 	C:\Program Files\Common Files\Microsoft Shared\Windows Live\WLIDNSP.DLL
0x74c30000 - 0x74c74000 	C:\Windows\system32\DNSAPI.dll
0x71850000 - 0x71858000 	C:\Windows\System32\winrnr.dll
0x747c0000 - 0x747c5000 	C:\Windows\System32\wshtcpip.dll
0x724f0000 - 0x7250c000 	C:\Windows\system32\IPHLPAPI.DLL
0x724e0000 - 0x724e7000 	C:\Windows\system32\WINNSI.DLL
0x704e0000 - 0x704e6000 	C:\Windows\system32\rasadhlp.dll
0x723c0000 - 0x723f8000 	C:\Windows\System32\fwpuclnt.dll
0x72e80000 - 0x72e8f000 	C:\Program Files\Java\jdk1.7.0\jre\bin\nio.dll
0x10000000 - 0x10055000 	C:\Users\Michael\AppData\Local\Temp\jna8674873228116855110.dll
0x72bb0000 - 0x72bcf000 	D:\NetBeansProjects\Quelea\lib\native\libvlc.dll
0x5edf0000 - 0x5f020000 	D:\NetBeansProjects\Quelea\lib\native\libvlccore.dll
0x75ec0000 - 0x76b0a000 	C:\Windows\system32\SHELL32.DLL

VM Arguments:
jvm_args: -Djna.library.path=null 
java_command: org.quelea.video.Class2 4444 45024110
Launcher Type: SUN_STANDARD

Environment Variables:
CLASSPATH=.;C:\Program Files\Java\jre6\lib\ext\QTJava.zip
PATH=C:\Program Files\Xuggle\bin;C:\Program Files\Common Files\Microsoft Shared\Windows Live;C:\Windows\system32;C:\Windows;C:\Windows\System32\Wbem;C:\Windows\System32\WindowsPowerShell\v1.0\;C:\Program Files\Windows Live\Shared;C:\Program Files\QuickTime\QTSystem\;C:\Program Files\MySQL\MySQL Server 5.5\bin;C:\Program Files\TortoiseSVN\bin
USERNAME=Michael
OS=Windows_NT
PROCESSOR_IDENTIFIER=x86 Family 6 Model 23 Stepping 10, GenuineIntel



---------------  S Y S T E M  ---------------

OS: Windows 7 Build 7601 Service Pack 1

CPU:total 2 (2 cores per cpu, 1 threads per core) family 6 model 23 stepping 10, cmov, cx8, fxsr, mmx, sse, sse2, sse3, ssse3

Memory: 4k page, physical 2096228k(729372k free), swap 4694344k(860964k free)

vm_info: Java HotSpot(TM) Client VM (21.0-b16) for windows-x86 JRE (1.7.0-b146), built on Jun 20 2011 02:58:10 by "java_re" with unknown MS VC++:1600

time: Wed Jul 20 02:44:27 2011
elapsed time: 1 seconds

